<?xml version="1.0" encoding="UTF-8"?>
<!-- Generated by org.testng.reporters.JUnitReportReporter -->
<testsuite name="com.org.AccessibilityPlayWright.AllyPlayWrightTest" tests="2" time="0.005" ignored="0" failures="0" timestamp="18 Mar 2025 19:44:41 GMT" skipped="1" hostname="Swapnas-MBP" errors="1">
  <testcase name="setUp" time="0.000" classname="com.org.AccessibilityPlayWright.AllyPlayWrightTest">
    <error type="java.lang.ClassCastException" message="com.microsoft.playwright.Playwright$CreateOptions cannot be cast to com.microsoft.playwright.Playwright">
      <![CDATA[java.lang.ClassCastException: com.microsoft.playwright.Playwright$CreateOptions cannot be cast to com.microsoft.playwright.Playwright
	at com.org.AccessibilityPlayWright.AllyPlayWrightTest.setUp(AllyPlayWrightTest.java:21)
	at sun.reflect.NativeMethodAccessorImpl.invoke0(Native Method)
	at sun.reflect.NativeMethodAccessorImpl.invoke(NativeMethodAccessorImpl.java:62)
	at sun.reflect.DelegatingMethodAccessorImpl.invoke(DelegatingMethodAccessorImpl.java:43)
	at java.lang.reflect.Method.invoke(Method.java:498)
	at org.testng.internal.MethodInvocationHelper.invokeMethod(MethodInvocationHelper.java:104)
	at org.testng.internal.Invoker.invokeConfigurationMethod(Invoker.java:515)
	at org.testng.internal.Invoker.invokeConfigurations(Invoker.java:217)
	at org.testng.internal.Invoker.invokeConfigurations(Invoker.java:144)
	at org.testng.TestRunner.beforeRun(TestRunner.java:634)
	at org.testng.TestRunner.run(TestRunner.java:602)
	at org.testng.SuiteRunner.runTest(SuiteRunner.java:387)
	at org.testng.SuiteRunner.runSequentially(SuiteRunner.java:382)
	at org.testng.SuiteRunner.privateRun(SuiteRunner.java:340)
	at org.testng.SuiteRunner.run(SuiteRunner.java:289)
	at org.testng.SuiteRunnerWorker.runSuite(SuiteRunnerWorker.java:52)
	at org.testng.SuiteRunnerWorker.run(SuiteRunnerWorker.java:86)
	at org.testng.TestNG.runSuitesSequentially(TestNG.java:1293)
	at org.testng.TestNG.runSuitesLocally(TestNG.java:1218)
	at org.testng.TestNG.runSuites(TestNG.java:1133)
	at org.testng.TestNG.run(TestNG.java:1104)
	at org.testng.remote.AbstractRemoteTestNG.run(AbstractRemoteTestNG.java:132)
	at org.testng.remote.RemoteTestNG.initAndRun(RemoteTestNG.java:236)
	at org.testng.remote.RemoteTestNG.main(RemoteTestNG.java:81)
]]>
    </error>
  </testcase> <!-- setUp -->
  <testcase name="testMyWebPage" time="0.005" classname="com.org.AccessibilityPlayWright.AllyPlayWrightTest">
    <skipped/>
  </testcase> <!-- testMyWebPage -->
</testsuite> <!-- com.org.AccessibilityPlayWright.AllyPlayWrightTest -->
